Сборка начата 19.12.2025 09:52:20.
Уровень детализации журнала: Normal.     1>Проект "D:\KAD-2025-CourseProject-main\KAD-2025\KAD-2025\KAD-2025.vcxproj" в узле 2 (целевые объекты Build).
     1>PrepareForBuild:
         Структурированный вывод включен. Форматирование диагностики компилятора будет отражать иерархию ошибок. Подробнее см. https://aka.ms/cpp/structured-output.
       InitializeBuildStatus:
         Создание "x64\Debug\KAD-2025.tlog\unsuccessfulbuild", так как было задано "AlwaysCreate".
         Обращение к "x64\Debug\KAD-2025.tlog\unsuccessfulbuild".
       ClCompile:
         D:\VS\heads\VC\Tools\MSVC\14.42.34433\bin\HostX64\x64\CL.exe /c /ZI /JMC /nologo /W3 /WX- /diagnostics:column /sdl /Od /D _DEBUG /D _CONSOLE /D _UNICODE /D UNICODE /Gm- /EHsc /RTC1 /MDd /GS /fp:precise /Zc:wchar_t /Zc:forScope /Zc:inline /permissive- /Fo"x64\Debug\\" /Fd"x64\Debug\vc143.pdb" /external:W3 /Gd /TP /FC /errorReport:prompt Generation.cpp "KAD-2025.cpp" PolishNotation.cpp
         Generation.cpp
     1>D:\KAD-2025-CourseProject-main\KAD-2025\KAD-2025\Generation.cpp(42,68): warning C4244: аргумент: преобразование "__int64" в "int", возможна потеря данных
     1>D:\KAD-2025-CourseProject-main\KAD-2025\KAD-2025\Generation.cpp(404,41): warning C4267: аргумент: преобразование из "size_t" в "int"; возможна потеря данных
         KAD-2025.cpp
         PolishNotation.cpp
         Создание кода...
       Link:
         D:\VS\heads\VC\Tools\MSVC\14.42.34433\bin\HostX64\x64\link.exe /ERRORREPORT:PROMPT /OUT:"D:\KAD-2025-CourseProject-main\KAD-2025\x64\Debug\KAD-2025.exe" /INCREMENTAL /ILK:"x64\Debug\KAD-2025.ilk" /NOLOGO kernel32.lib user32.lib gdi32.lib winspool.lib comdlg32.lib advapi32.lib shell32.lib ole32.lib oleaut32.lib uuid.lib odbc32.lib odbccp32.lib /MANIFEST /MANIFESTUAC:"level='asInvoker' uiAccess='false'" /manifest:embed /DEBUG /PDB:"D:\KAD-2025-CourseProject-main\KAD-2025\x64\Debug\KAD-2025.pdb" /SUBSYSTEM:CONSOLE /TLBID:1 /DYNAMICBASE /NXCOMPAT /IMPLIB:"D:\KAD-2025-CourseProject-main\KAD-2025\x64\Debug\KAD-2025.lib" /MACHINE:X64 x64\Debug\Error.obj
         x64\Debug\FST.obj
         x64\Debug\Generation.obj
         x64\Debug\GRB.obj
         x64\Debug\In.obj
         x64\Debug\IT.obj
         "x64\Debug\KAD-2025.obj"
         x64\Debug\LexAnalysis.obj
         x64\Debug\Log.obj
         x64\Debug\LT.obj
         x64\Debug\MFST.obj
         x64\Debug\Out.obj
         x64\Debug\Parm.obj
         x64\Debug\PolishNotation.obj
         x64\Debug\SemanticAnaliz.obj
         KAD-2025.vcxproj -> D:\KAD-2025-CourseProject-main\KAD-2025\x64\Debug\KAD-2025.exe
       FinalizeBuildStatus:
         Файл "x64\Debug\KAD-2025.tlog\unsuccessfulbuild" удаляется.
         Обращение к "x64\Debug\KAD-2025.tlog\KAD-2025.lastbuildstate".
     1>Сборка проекта "D:\KAD-2025-CourseProject-main\KAD-2025\KAD-2025\KAD-2025.vcxproj" завершена (целевые объекты Build).

Сборка успешно завершена.

       "D:\KAD-2025-CourseProject-main\KAD-2025\KAD-2025\KAD-2025.vcxproj" (целевой объект Build ) (1) ->
       (Целевой объект ClCompile) -> 
         D:\KAD-2025-CourseProject-main\KAD-2025\KAD-2025\Generation.cpp(42,68): warning C4244: аргумент: преобразование "__int64" в "int", возможна потеря данных
         D:\KAD-2025-CourseProject-main\KAD-2025\KAD-2025\Generation.cpp(404,41): warning C4267: аргумент: преобразование из "size_t" в "int"; возможна потеря данных

    Предупреждений: 2
    Ошибок: 0

Прошло времени 00:00:02.58
