Сборка начата 16.12.2025 15:24:48.
Уровень детализации журнала: Normal.     1>Проект "D:\KAD-2025-CourseProject-main\KAD-2025\KAD-2025\KAD-2025.vcxproj" в узле 2 (целевые объекты Build).
     1>PrepareForBuild:
         Структурированный вывод включен. Форматирование диагностики компилятора будет отражать иерархию ошибок. Подробнее см. https://aka.ms/cpp/structured-output.
         Создание каталога "KAD-2025\x64\Debug\KAD-2025.tlog\".
       InitializeBuildStatus:
         Создание "KAD-2025\x64\Debug\KAD-2025.tlog\unsuccessfulbuild", так как было задано "AlwaysCreate".
         Обращение к "KAD-2025\x64\Debug\KAD-2025.tlog\unsuccessfulbuild".
       ClCompile:
         D:\VS\heads\VC\Tools\MSVC\14.42.34433\bin\HostX64\x64\CL.exe /c /ZI /JMC /nologo /W3 /WX- /diagnostics:column /sdl /Od /D _DEBUG /D _CONSOLE /D _UNICODE /D UNICODE /Gm- /EHsc /RTC1 /MDd /GS /fp:precise /Zc:wchar_t /Zc:forScope /Zc:inline /permissive- /Fo"KAD-2025\x64\Debug\\" /Fd"KAD-2025\x64\Debug\vc143.pdb" /external:W3 /Gd /TP /FC /errorReport:prompt Error.cpp FST.cpp Generation.cpp GRB.cpp In.cpp IT.cpp "KAD-2025.cpp" LexAnalysis.cpp Log.cpp LT.cpp MFST.cpp Out.cpp Parm.cpp PolishNotation.cpp SemanticAnaliz.cpp
         Error.cpp
         FST.cpp
     1>D:\KAD-2025-CourseProject-main\KAD-2025\KAD-2025\FST.cpp(83,17): warning C4267: инициализация: преобразование из "size_t" в "short"; возможна потеря данных
         Generation.cpp
     1>D:\KAD-2025-CourseProject-main\KAD-2025\KAD-2025\Generation.cpp(409,41): warning C4267: аргумент: преобразование из "size_t" в "int"; возможна потеря данных
         GRB.cpp
         In.cpp
         IT.cpp
     1>D:\KAD-2025-CourseProject-main\KAD-2025\KAD-2025\IT.cpp(56,33): warning C4267: =: преобразование из "size_t" в "unsigned char"; возможна потеря данных
     1>D:\KAD-2025-CourseProject-main\KAD-2025\KAD-2025\IT.cpp(84,12): warning C4267: инициализация: преобразование из "size_t" в "int"; возможна потеря данных
         KAD-2025.cpp
     1>D:\KAD-2025-CourseProject-main\KAD-2025\KAD-2025\KAD-2025.cpp(30,9): warning C4244: =: преобразование "double" в "int", возможна потеря данных
         LexAnalysis.cpp
         Log.cpp
         LT.cpp
         MFST.cpp
     1>D:\KAD-2025-CourseProject-main\KAD-2025\KAD-2025\MFST.cpp(278,15): warning C4267: инициализация: преобразование из "size_t" в "short"; возможна потеря данных
     1>D:\KAD-2025-CourseProject-main\KAD-2025\KAD-2025\MFST.cpp(291,71): warning C4267: =: преобразование из "size_t" в "short"; возможна потеря данных
     1>D:\KAD-2025-CourseProject-main\KAD-2025\KAD-2025\MFST.cpp(302,15): warning C4267: инициализация: преобразование из "size_t" в "short"; возможна потеря данных
         Out.cpp
         Parm.cpp
         PolishNotation.cpp
         SemanticAnaliz.cpp
         Создание кода...
       Link:
         D:\VS\heads\VC\Tools\MSVC\14.42.34433\bin\HostX64\x64\link.exe /ERRORREPORT:PROMPT /OUT:"D:\KAD-2025-CourseProject-main\KAD-2025\KAD-2025\x64\Debug\KAD-2025.exe" /INCREMENTAL /ILK:"KAD-2025\x64\Debug\KAD-2025.ilk" /NOLOGO kernel32.lib user32.lib gdi32.lib winspool.lib comdlg32.lib advapi32.lib shell32.lib ole32.lib oleaut32.lib uuid.lib odbc32.lib odbccp32.lib /MANIFEST /MANIFESTUAC:"level='asInvoker' uiAccess='false'" /manifest:embed /DEBUG /PDB:"D:\KAD-2025-CourseProject-main\KAD-2025\KAD-2025\x64\Debug\KAD-2025.pdb" /SUBSYSTEM:CONSOLE /TLBID:1 /DYNAMICBASE /NXCOMPAT /IMPLIB:"D:\KAD-2025-CourseProject-main\KAD-2025\KAD-2025\x64\Debug\KAD-2025.lib" /MACHINE:X64 "KAD-2025\x64\Debug\Error.obj"
         "KAD-2025\x64\Debug\FST.obj"
         "KAD-2025\x64\Debug\Generation.obj"
         "KAD-2025\x64\Debug\GRB.obj"
         "KAD-2025\x64\Debug\In.obj"
         "KAD-2025\x64\Debug\IT.obj"
         "KAD-2025\x64\Debug\KAD-2025.obj"
         "KAD-2025\x64\Debug\LexAnalysis.obj"
         "KAD-2025\x64\Debug\Log.obj"
         "KAD-2025\x64\Debug\LT.obj"
         "KAD-2025\x64\Debug\MFST.obj"
         "KAD-2025\x64\Debug\Out.obj"
         "KAD-2025\x64\Debug\Parm.obj"
         "KAD-2025\x64\Debug\PolishNotation.obj"
         "KAD-2025\x64\Debug\SemanticAnaliz.obj"
         KAD-2025.vcxproj -> D:\KAD-2025-CourseProject-main\KAD-2025\KAD-2025\x64\Debug\KAD-2025.exe
       FinalizeBuildStatus:
         Файл "KAD-2025\x64\Debug\KAD-2025.tlog\unsuccessfulbuild" удаляется.
         Обращение к "KAD-2025\x64\Debug\KAD-2025.tlog\KAD-2025.lastbuildstate".
     1>Сборка проекта "D:\KAD-2025-CourseProject-main\KAD-2025\KAD-2025\KAD-2025.vcxproj" завершена (целевые объекты Build).

Сборка успешно завершена.

       "D:\KAD-2025-CourseProject-main\KAD-2025\KAD-2025\KAD-2025.vcxproj" (целевой объект Build ) (1) ->
       (Целевой объект ClCompile) -> 
         D:\KAD-2025-CourseProject-main\KAD-2025\KAD-2025\FST.cpp(83,17): warning C4267: инициализация: преобразование из "size_t" в "short"; возможна потеря данных
         D:\KAD-2025-CourseProject-main\KAD-2025\KAD-2025\Generation.cpp(409,41): warning C4267: аргумент: преобразование из "size_t" в "int"; возможна потеря данных
         D:\KAD-2025-CourseProject-main\KAD-2025\KAD-2025\IT.cpp(56,33): warning C4267: =: преобразование из "size_t" в "unsigned char"; возможна потеря данных
         D:\KAD-2025-CourseProject-main\KAD-2025\KAD-2025\IT.cpp(84,12): warning C4267: инициализация: преобразование из "size_t" в "int"; возможна потеря данных
         D:\KAD-2025-CourseProject-main\KAD-2025\KAD-2025\KAD-2025.cpp(30,9): warning C4244: =: преобразование "double" в "int", возможна потеря данных
         D:\KAD-2025-CourseProject-main\KAD-2025\KAD-2025\MFST.cpp(278,15): warning C4267: инициализация: преобразование из "size_t" в "short"; возможна потеря данных
         D:\KAD-2025-CourseProject-main\KAD-2025\KAD-2025\MFST.cpp(291,71): warning C4267: =: преобразование из "size_t" в "short"; возможна потеря данных
         D:\KAD-2025-CourseProject-main\KAD-2025\KAD-2025\MFST.cpp(302,15): warning C4267: инициализация: преобразование из "size_t" в "short"; возможна потеря данных

    Предупреждений: 8
    Ошибок: 0

Прошло времени 00:00:10.19
